2021-12-24T09:16:47.398Z - normal: Load ~/.CocosCreator/settings.json
2021-12-24T09:16:48.649Z - normal: Initializing Asset Database
2021-12-24T09:16:48.652Z - normal: checking language setting...
2021-12-24T09:16:48.652Z - normal: Language: en
2021-12-24T09:16:50.536Z - success: preview server running at http://localhost:7456
2021-12-24T09:16:50.539Z - success: protocol editor-framework registered
2021-12-24T09:16:50.539Z - success: protocol app registered
2021-12-24T09:16:50.539Z - success: protocol theme registered
2021-12-24T09:16:50.539Z - success: protocol packages registered
2021-12-24T09:16:50.539Z - success: protocol uuid registerred
2021-12-24T09:16:50.539Z - success: protocol db registerred
2021-12-24T09:16:50.539Z - success: protocol thumbnail registerred
2021-12-24T09:16:50.540Z - success: protocol unpack registerred
2021-12-24T09:16:50.540Z - success: protocol disable-commonjs registerred
2021-12-24T09:16:52.504Z - normal: connected!
2021-12-24T09:16:52.506Z - normal: Check project G:\Cocos\minesweeper\mine-sweeper
2021-12-24T09:16:52.507Z - normal: Initializing project G:\Cocos\minesweeper\mine-sweeper
2021-12-24T09:16:53.254Z - normal: Initializing Cocos2d
2021-12-24T09:16:55.797Z - normal: Initializing engine extends
2021-12-24T09:16:55.909Z - success: alipay-adapter loaded
2021-12-24T09:16:55.957Z - success: asset-db-debugger loaded
2021-12-24T09:16:55.975Z - success: baidu-adapter loaded
2021-12-24T09:16:55.988Z - success: color-picker loaded
2021-12-24T09:16:56.487Z - success: fb-audience-network loaded
2021-12-24T09:16:56.555Z - success: fb-live-stream loaded
2021-12-24T09:16:56.559Z - success: google-play-instant loaded
2021-12-24T09:16:56.580Z - success: huawei-runtime loaded
2021-12-24T09:16:57.363Z - success: cpk-publish loaded
2021-12-24T09:16:57.365Z - success: jsb-adapter loaded
2021-12-24T09:16:57.398Z - success: oppo-runtime loaded
2021-12-24T09:16:57.402Z - success: package-manager loaded
2021-12-24T09:16:57.783Z - success: qqplay-adapter loaded
2021-12-24T09:16:57.785Z - success: runtime-dev-tools loaded
2021-12-24T09:16:57.797Z - success: sdkbox loaded
2021-12-24T09:16:57.801Z - success: tester loaded
2021-12-24T09:16:57.803Z - success: ui-kit-preview-extra loaded
2021-12-24T09:16:57.805Z - success: ui-kit-preview loaded
2021-12-24T09:16:57.806Z - success: ui-kit loaded
2021-12-24T09:16:57.828Z - success: vivo-runtime loaded
2021-12-24T09:16:57.830Z - success: weapp-adapter loaded
2021-12-24T09:16:57.831Z - success: xiaomi-adapter loaded
2021-12-24T09:16:57.849Z - success: alipay-minigame loaded
2021-12-24T09:16:57.918Z - success: assets loaded
2021-12-24T09:16:57.921Z - success: builder loaded
2021-12-24T09:16:58.322Z - success: cocos-services loaded
2021-12-24T09:16:58.331Z - success: console loaded
2021-12-24T09:16:58.375Z - success: fb-instant-games loaded
2021-12-24T09:16:58.380Z - success: game-window loaded
2021-12-24T09:16:58.382Z - success: google-instant-games loaded
2021-12-24T09:16:58.391Z - success: hierarchy loaded
2021-12-24T09:16:58.393Z - success: inspector loaded
2021-12-24T09:16:58.396Z - success: keystore loaded
2021-12-24T09:16:58.400Z - success: node-library loaded
2021-12-24T09:16:58.402Z - success: package-asset loaded
2021-12-24T09:16:58.403Z - success: preferences loaded
2021-12-24T09:16:58.404Z - success: project-exporter loaded
2021-12-24T09:16:58.406Z - success: project-importer loaded
2021-12-24T09:16:58.409Z - success: project-settings loaded
2021-12-24T09:16:58.414Z - success: scene loaded
2021-12-24T09:16:58.416Z - success: simulator-debugger loaded
2021-12-24T09:16:58.418Z - success: sprite-editor loaded
2021-12-24T09:16:58.421Z - success: store loaded
2021-12-24T09:16:58.426Z - success: timeline loaded
2021-12-24T09:16:58.433Z - success: xiaomi-runtime loaded
2021-12-24T09:17:01.376Z - normal: Loading packages
2021-12-24T09:17:01.383Z - normal: Watching packages
2021-12-24T09:17:02.001Z - normal: Run Application
2021-12-24T09:17:03.076Z - info: Cocos Services load base data!
2021-12-24T09:22:03.377Z - error: The 'default' value of 'prefabScript.index' should not be used with a 'get' function.
    at Object.cc.errorID (G:\CocosCreator_2.1.3\resources\engine\bin\.cache\dev\cocos2d\core\CCDebug.js:167:16)
    at Object.exports.preprocessAttrs (G:\CocosCreator_2.1.3\resources\engine\bin\.cache\dev\cocos2d\core\platform\preprocess-class.js:205:36)
    at declareProperties (G:\CocosCreator_2.1.3\resources\engine\bin\.cache\dev\cocos2d\core\platform\CCClass.js:631:28)
    at Object.CCClass [as Class] (G:\CocosCreator_2.1.3\resources\engine\bin\.cache\dev\cocos2d\core\platform\CCClass.js:674:17)
    at __define (G:\Cocos\minesweeper\mine-sweeper\temp\quick-scripts\assets\scripts\prefabScript.js:17:4)
    at G:\Cocos\minesweeper\mine-sweeper\temp\quick-scripts\assets\scripts\prefabScript.js:48:13
    at Object.<anonymous> (G:\Cocos\minesweeper\mine-sweeper\temp\quick-scripts\assets\scripts\prefabScript.js:55:11)
    at Object.<anonymous> (G:\Cocos\minesweeper\mine-sweeper\temp\quick-scripts\assets\scripts\prefabScript.js:58:3)
    at Module._compile (module.js:571:32)
2021-12-24T09:22:17.575Z - error: The 'default' value of 'prefabScript.index' should not be used with a 'get' function.
    at Object.cc.errorID (G:\CocosCreator_2.1.3\resources\engine\bin\.cache\dev\cocos2d\core\CCDebug.js:167:16)
    at Object.exports.preprocessAttrs (G:\CocosCreator_2.1.3\resources\engine\bin\.cache\dev\cocos2d\core\platform\preprocess-class.js:205:36)
    at declareProperties (G:\CocosCreator_2.1.3\resources\engine\bin\.cache\dev\cocos2d\core\platform\CCClass.js:631:28)
    at Object.CCClass [as Class] (G:\CocosCreator_2.1.3\resources\engine\bin\.cache\dev\cocos2d\core\platform\CCClass.js:674:17)
    at __define (G:\Cocos\minesweeper\mine-sweeper\temp\quick-scripts\assets\scripts\prefabScript.js:17:4)
    at G:\Cocos\minesweeper\mine-sweeper\temp\quick-scripts\assets\scripts\prefabScript.js:50:13
    at Object.<anonymous> (G:\Cocos\minesweeper\mine-sweeper\temp\quick-scripts\assets\scripts\prefabScript.js:57:11)
    at Object.<anonymous> (G:\Cocos\minesweeper\mine-sweeper\temp\quick-scripts\assets\scripts\prefabScript.js:60:3)
    at Module._compile (module.js:571:32)
2021-12-24T09:22:34.704Z - error: The 'default' value of 'prefabScript.index' should not be used with a 'get' function.
    at Object.cc.errorID (G:\CocosCreator_2.1.3\resources\engine\bin\.cache\dev\cocos2d\core\CCDebug.js:167:16)
    at Object.exports.preprocessAttrs (G:\CocosCreator_2.1.3\resources\engine\bin\.cache\dev\cocos2d\core\platform\preprocess-class.js:205:36)
    at declareProperties (G:\CocosCreator_2.1.3\resources\engine\bin\.cache\dev\cocos2d\core\platform\CCClass.js:631:28)
    at Object.CCClass [as Class] (G:\CocosCreator_2.1.3\resources\engine\bin\.cache\dev\cocos2d\core\platform\CCClass.js:674:17)
    at __define (G:\Cocos\minesweeper\mine-sweeper\temp\quick-scripts\assets\scripts\prefabScript.js:17:4)
    at G:\Cocos\minesweeper\mine-sweeper\temp\quick-scripts\assets\scripts\prefabScript.js:50:13
    at Object.<anonymous> (G:\Cocos\minesweeper\mine-sweeper\temp\quick-scripts\assets\scripts\prefabScript.js:57:11)
    at Object.<anonymous> (G:\Cocos\minesweeper\mine-sweeper\temp\quick-scripts\assets\scripts\prefabScript.js:60:3)
    at Module._compile (module.js:571:32)
2021-12-24T09:22:58.458Z - error: The 'default' value of 'prefabScript.index' should not be used with a 'get' function.
    at Object.cc.errorID (G:\CocosCreator_2.1.3\resources\engine\bin\.cache\dev\cocos2d\core\CCDebug.js:167:16)
    at Object.exports.preprocessAttrs (G:\CocosCreator_2.1.3\resources\engine\bin\.cache\dev\cocos2d\core\platform\preprocess-class.js:205:36)
    at declareProperties (G:\CocosCreator_2.1.3\resources\engine\bin\.cache\dev\cocos2d\core\platform\CCClass.js:631:28)
    at Object.CCClass [as Class] (G:\CocosCreator_2.1.3\resources\engine\bin\.cache\dev\cocos2d\core\platform\CCClass.js:674:17)
    at __define (G:\Cocos\minesweeper\mine-sweeper\temp\quick-scripts\assets\scripts\prefabScript.js:17:4)
    at G:\Cocos\minesweeper\mine-sweeper\temp\quick-scripts\assets\scripts\prefabScript.js:50:13
    at Object.<anonymous> (G:\Cocos\minesweeper\mine-sweeper\temp\quick-scripts\assets\scripts\prefabScript.js:57:11)
    at Object.<anonymous> (G:\Cocos\minesweeper\mine-sweeper\temp\quick-scripts\assets\scripts\prefabScript.js:60:3)
    at Module._compile (module.js:571:32)
2021-12-24T09:23:06.721Z - error: The 'default' value of 'prefabScript.index' should not be used with a 'get' function.
    at Object.cc.errorID (G:\CocosCreator_2.1.3\resources\engine\bin\.cache\dev\cocos2d\core\CCDebug.js:167:16)
    at Object.exports.preprocessAttrs (G:\CocosCreator_2.1.3\resources\engine\bin\.cache\dev\cocos2d\core\platform\preprocess-class.js:205:36)
    at declareProperties (G:\CocosCreator_2.1.3\resources\engine\bin\.cache\dev\cocos2d\core\platform\CCClass.js:631:28)
    at Object.CCClass [as Class] (G:\CocosCreator_2.1.3\resources\engine\bin\.cache\dev\cocos2d\core\platform\CCClass.js:674:17)
    at __define (G:\Cocos\minesweeper\mine-sweeper\temp\quick-scripts\assets\scripts\prefabScript.js:17:4)
    at G:\Cocos\minesweeper\mine-sweeper\temp\quick-scripts\assets\scripts\prefabScript.js:50:13
    at Object.<anonymous> (G:\Cocos\minesweeper\mine-sweeper\temp\quick-scripts\assets\scripts\prefabScript.js:57:11)
    at Object.<anonymous> (G:\Cocos\minesweeper\mine-sweeper\temp\quick-scripts\assets\scripts\prefabScript.js:60:3)
    at Module._compile (module.js:571:32)
2021-12-24T09:23:08.567Z - error: The 'default' value of 'prefabScript.index' should not be used with a 'get' function.
    at Object.cc.errorID (G:\CocosCreator_2.1.3\resources\engine\bin\.cache\dev\cocos2d\core\CCDebug.js:167:16)
    at Object.exports.preprocessAttrs (G:\CocosCreator_2.1.3\resources\engine\bin\.cache\dev\cocos2d\core\platform\preprocess-class.js:205:36)
    at declareProperties (G:\CocosCreator_2.1.3\resources\engine\bin\.cache\dev\cocos2d\core\platform\CCClass.js:631:28)
    at Object.CCClass [as Class] (G:\CocosCreator_2.1.3\resources\engine\bin\.cache\dev\cocos2d\core\platform\CCClass.js:674:17)
    at __define (G:\Cocos\minesweeper\mine-sweeper\temp\quick-scripts\assets\scripts\prefabScript.js:17:4)
    at G:\Cocos\minesweeper\mine-sweeper\temp\quick-scripts\assets\scripts\prefabScript.js:50:13
    at Object.<anonymous> (G:\Cocos\minesweeper\mine-sweeper\temp\quick-scripts\assets\scripts\prefabScript.js:57:11)
    at Object.<anonymous> (G:\Cocos\minesweeper\mine-sweeper\temp\quick-scripts\assets\scripts\prefabScript.js:60:3)
    at Module._compile (module.js:571:32)
2021-12-24T09:24:24.492Z - error: The 'default' value of 'prefabScript.index' should not be used with a 'get' function.
    at Object.cc.errorID (G:\CocosCreator_2.1.3\resources\engine\bin\.cache\dev\cocos2d\core\CCDebug.js:167:16)
    at Object.exports.preprocessAttrs (G:\CocosCreator_2.1.3\resources\engine\bin\.cache\dev\cocos2d\core\platform\preprocess-class.js:205:36)
    at declareProperties (G:\CocosCreator_2.1.3\resources\engine\bin\.cache\dev\cocos2d\core\platform\CCClass.js:631:28)
    at Object.CCClass [as Class] (G:\CocosCreator_2.1.3\resources\engine\bin\.cache\dev\cocos2d\core\platform\CCClass.js:674:17)
    at __define (G:\Cocos\minesweeper\mine-sweeper\temp\quick-scripts\assets\scripts\prefabScript.js:17:4)
    at G:\Cocos\minesweeper\mine-sweeper\temp\quick-scripts\assets\scripts\prefabScript.js:50:13
    at Object.<anonymous> (G:\Cocos\minesweeper\mine-sweeper\temp\quick-scripts\assets\scripts\prefabScript.js:57:11)
    at Object.<anonymous> (G:\Cocos\minesweeper\mine-sweeper\temp\quick-scripts\assets\scripts\prefabScript.js:60:3)
    at Module._compile (module.js:571:32)
2021-12-24T09:24:58.984Z - error: The 'default' value of 'prefabScript.index' should not be used with a 'get' function.
    at Object.cc.errorID (G:\CocosCreator_2.1.3\resources\engine\bin\.cache\dev\cocos2d\core\CCDebug.js:167:16)
    at Object.exports.preprocessAttrs (G:\CocosCreator_2.1.3\resources\engine\bin\.cache\dev\cocos2d\core\platform\preprocess-class.js:205:36)
    at declareProperties (G:\CocosCreator_2.1.3\resources\engine\bin\.cache\dev\cocos2d\core\platform\CCClass.js:631:28)
    at Object.CCClass [as Class] (G:\CocosCreator_2.1.3\resources\engine\bin\.cache\dev\cocos2d\core\platform\CCClass.js:674:17)
    at __define (G:\Cocos\minesweeper\mine-sweeper\temp\quick-scripts\assets\scripts\prefabScript.js:17:4)
    at G:\Cocos\minesweeper\mine-sweeper\temp\quick-scripts\assets\scripts\prefabScript.js:50:13
    at Object.<anonymous> (G:\Cocos\minesweeper\mine-sweeper\temp\quick-scripts\assets\scripts\prefabScript.js:57:11)
    at Object.<anonymous> (G:\Cocos\minesweeper\mine-sweeper\temp\quick-scripts\assets\scripts\prefabScript.js:60:3)
    at Module._compile (module.js:571:32)
2021-12-24T09:25:46.709Z - error: The 'default' value of 'prefabScript.index' should not be used with a 'get' function.
    at Object.cc.errorID (G:\CocosCreator_2.1.3\resources\engine\bin\.cache\dev\cocos2d\core\CCDebug.js:167:16)
    at Object.exports.preprocessAttrs (G:\CocosCreator_2.1.3\resources\engine\bin\.cache\dev\cocos2d\core\platform\preprocess-class.js:205:36)
    at declareProperties (G:\CocosCreator_2.1.3\resources\engine\bin\.cache\dev\cocos2d\core\platform\CCClass.js:631:28)
    at Object.CCClass [as Class] (G:\CocosCreator_2.1.3\resources\engine\bin\.cache\dev\cocos2d\core\platform\CCClass.js:674:17)
    at __define (G:\Cocos\minesweeper\mine-sweeper\temp\quick-scripts\assets\scripts\prefabScript.js:17:4)
    at G:\Cocos\minesweeper\mine-sweeper\temp\quick-scripts\assets\scripts\prefabScript.js:50:13
    at Object.<anonymous> (G:\Cocos\minesweeper\mine-sweeper\temp\quick-scripts\assets\scripts\prefabScript.js:57:11)
    at Object.<anonymous> (G:\Cocos\minesweeper\mine-sweeper\temp\quick-scripts\assets\scripts\prefabScript.js:60:3)
    at Module._compile (module.js:571:32)
2021-12-24T09:26:23.294Z - error: The 'default' value of 'prefabScript.index' should not be used with a 'get' function.
    at Object.cc.errorID (G:\CocosCreator_2.1.3\resources\engine\bin\.cache\dev\cocos2d\core\CCDebug.js:167:16)
    at Object.exports.preprocessAttrs (G:\CocosCreator_2.1.3\resources\engine\bin\.cache\dev\cocos2d\core\platform\preprocess-class.js:205:36)
    at declareProperties (G:\CocosCreator_2.1.3\resources\engine\bin\.cache\dev\cocos2d\core\platform\CCClass.js:631:28)
    at Object.CCClass [as Class] (G:\CocosCreator_2.1.3\resources\engine\bin\.cache\dev\cocos2d\core\platform\CCClass.js:674:17)
    at __define (G:\Cocos\minesweeper\mine-sweeper\temp\quick-scripts\assets\scripts\prefabScript.js:17:4)
    at G:\Cocos\minesweeper\mine-sweeper\temp\quick-scripts\assets\scripts\prefabScript.js:50:13
    at Object.<anonymous> (G:\Cocos\minesweeper\mine-sweeper\temp\quick-scripts\assets\scripts\prefabScript.js:57:11)
    at Object.<anonymous> (G:\Cocos\minesweeper\mine-sweeper\temp\quick-scripts\assets\scripts\prefabScript.js:60:3)
    at Module._compile (module.js:571:32)
2021-12-24T09:27:52.104Z - error: The 'default' value of 'prefabScript.index' should not be used with a 'get' function.
    at Object.cc.errorID (G:\CocosCreator_2.1.3\resources\engine\bin\.cache\dev\cocos2d\core\CCDebug.js:167:16)
    at Object.exports.preprocessAttrs (G:\CocosCreator_2.1.3\resources\engine\bin\.cache\dev\cocos2d\core\platform\preprocess-class.js:205:36)
    at declareProperties (G:\CocosCreator_2.1.3\resources\engine\bin\.cache\dev\cocos2d\core\platform\CCClass.js:631:28)
    at Object.CCClass [as Class] (G:\CocosCreator_2.1.3\resources\engine\bin\.cache\dev\cocos2d\core\platform\CCClass.js:674:17)
    at __define (G:\Cocos\minesweeper\mine-sweeper\temp\quick-scripts\assets\scripts\prefabScript.js:17:4)
    at G:\Cocos\minesweeper\mine-sweeper\temp\quick-scripts\assets\scripts\prefabScript.js:52:13
    at Object.<anonymous> (G:\Cocos\minesweeper\mine-sweeper\temp\quick-scripts\assets\scripts\prefabScript.js:59:11)
    at Object.<anonymous> (G:\Cocos\minesweeper\mine-sweeper\temp\quick-scripts\assets\scripts\prefabScript.js:62:3)
    at Module._compile (module.js:571:32)
2021-12-24T09:28:08.251Z - error: The 'default' value of 'prefabScript.index' should not be used with a 'get' function.
    at Object.cc.errorID (G:\CocosCreator_2.1.3\resources\engine\bin\.cache\dev\cocos2d\core\CCDebug.js:167:16)
    at Object.exports.preprocessAttrs (G:\CocosCreator_2.1.3\resources\engine\bin\.cache\dev\cocos2d\core\platform\preprocess-class.js:205:36)
    at declareProperties (G:\CocosCreator_2.1.3\resources\engine\bin\.cache\dev\cocos2d\core\platform\CCClass.js:631:28)
    at Object.CCClass [as Class] (G:\CocosCreator_2.1.3\resources\engine\bin\.cache\dev\cocos2d\core\platform\CCClass.js:674:17)
    at __define (G:\Cocos\minesweeper\mine-sweeper\temp\quick-scripts\assets\scripts\prefabScript.js:17:4)
    at G:\Cocos\minesweeper\mine-sweeper\temp\quick-scripts\assets\scripts\prefabScript.js:52:13
    at Object.<anonymous> (G:\Cocos\minesweeper\mine-sweeper\temp\quick-scripts\assets\scripts\prefabScript.js:59:11)
    at Object.<anonymous> (G:\Cocos\minesweeper\mine-sweeper\temp\quick-scripts\assets\scripts\prefabScript.js:62:3)
    at Module._compile (module.js:571:32)
2021-12-24T09:29:12.453Z - info: Only the prefab node "tilePrefab" and its child nodes are saved.
2021-12-24T09:34:28.081Z - info: Only the prefab node "tilePrefab" and its child nodes are saved.
2021-12-24T10:17:31.179Z - info: Only the prefab node "tilePrefab" and its child nodes are saved.
2021-12-24T10:17:59.920Z - info: Only the prefab node "tilePrefab" and its child nodes are saved.
2021-12-24T10:19:04.401Z - info: Only the prefab node "tilePrefab" and its child nodes are saved.
2021-12-24T10:19:04.977Z - info: Only the prefab node "tilePrefab" and its child nodes are saved.
